<?xml version="1.0" encoding="UTF-8" ?>
<testsuite tests="2" failures="2" name="cucumber.Options.TestRunner" time="5.976" errors="0" skipped="0">
  <properties>
[...]
</properties>
  <testcase classname="Validating place API&apos;s" name="Verify if place is being succesfully added using AddPlace API" time="5.871">
    <failure message="2 expectations failed.
Expected status code &lt;200&gt; but was &lt;403&gt;.

Expected content-type &quot;JSON&quot; doesn&apos;t match actual content-type &quot;text/html;charset=iso-8859-1&quot;.
" type="java.lang.AssertionError">java.lang.AssertionError: 2 expectations failed.
Expected status code &lt;200&gt; but was &lt;403&gt;.

Expected content-type &quot;JSON&quot; doesn&apos;t match actual content-type &quot;text/html;charset=iso-8859-1&quot;.

	at java.base/jdk.internal.reflect.NativeConstructorAccessorImpl.newInstance0(Native Method)
	at java.base/jdk.internal.reflect.NativeConstructorAccessorImpl.newInstance(NativeConstructorAccessorImpl.java:62)
	at java.base/jdk.internal.reflect.DelegatingConstructorAccessorImpl.newInstance(DelegatingConstructorAccessorImpl.java:45)
	at java.base/java.lang.reflect.Constructor.newInstance(Constructor.java:490)
	at org.codehaus.groovy.reflection.CachedConstructor.invoke(CachedConstructor.java:73)
	at org.codehaus.groovy.reflection.CachedConstructor.doConstructorInvoke(CachedConstructor.java:60)
	at org.codehaus.groovy.runtime.callsite.ConstructorSite$ConstructorSiteNoUnwrap.callConstructor(ConstructorSite.java:86)
	at org.codehaus.groovy.runtime.callsite.CallSiteArray.defaultCallConstructor(CallSiteArray.java:58)
	at org.codehaus.groovy.runtime.callsite.AbstractCallSite.callConstructor(AbstractCallSite.java:263)
	at org.codehaus.groovy.runtime.callsite.AbstractCallSite.callConstructor(AbstractCallSite.java:277)
	at io.restassured.internal.ResponseSpecificationImpl$HamcrestAssertionClosure.validate(ResponseSpecificationImpl.groovy:508)
	at io.restassured.internal.ResponseSpecificationImpl$HamcrestAssertionClosure$validate$1.call(Unknown Source)
	at org.codehaus.groovy.runtime.callsite.CallSiteArray.defaultCall(CallSiteArray.java:46)
	at org.codehaus.groovy.runtime.callsite.AbstractCallSite.call(AbstractCallSite.java:125)
	at org.codehaus.groovy.runtime.callsite.AbstractCallSite.call(AbstractCallSite.java:139)
	at io.restassured.internal.ResponseSpecificationImpl.validate(ResponseSpecificationImpl.groovy:97)
	at io.restassured.internal.ValidatableResponseOptionsImpl.spec(ValidatableResponseOptionsImpl.java:288)
	at stepDefinations.placeValidations.user_calls_something_with_post_http_request(placeValidations.java:53)
	at ✽.User calls &quot;AddPlaceAPI&quot; with &quot;POST&quot; http request(file:///C:/Backup/RestAssuredAPIAutoamtionTesting/APIAutomationFramework/src/test/java/features/placeValidations.feature:6)
</failure>
    <system-out>Given Praveen
</system-out>
  </testcase>
  <testcase classname="Validating place API&apos;s" name="Verify if Delete place functionality is working" time="0.105">
    <failure message="2 expectations failed.
Expected status code &lt;200&gt; but was &lt;403&gt;.

Expected content-type &quot;JSON&quot; doesn&apos;t match actual content-type &quot;text/html;charset=iso-8859-1&quot;.
" type="java.lang.AssertionError">java.lang.AssertionError: 2 expectations failed.
Expected status code &lt;200&gt; but was &lt;403&gt;.

Expected content-type &quot;JSON&quot; doesn&apos;t match actual content-type &quot;text/html;charset=iso-8859-1&quot;.

	at java.base/jdk.internal.reflect.NativeConstructorAccessorImpl.newInstance0(Native Method)
	at java.base/jdk.internal.reflect.NativeConstructorAccessorImpl.newInstance(NativeConstructorAccessorImpl.java:62)
	at java.base/jdk.internal.reflect.DelegatingConstructorAccessorImpl.newInstance(DelegatingConstructorAccessorImpl.java:45)
	at java.base/java.lang.reflect.Constructor.newInstance(Constructor.java:490)
	at org.codehaus.groovy.reflection.CachedConstructor.invoke(CachedConstructor.java:73)
	at org.codehaus.groovy.reflection.CachedConstructor.doConstructorInvoke(CachedConstructor.java:60)
	at org.codehaus.groovy.runtime.callsite.ConstructorSite$ConstructorSiteNoUnwrap.callConstructor(ConstructorSite.java:86)
	at org.codehaus.groovy.runtime.callsite.AbstractCallSite.callConstructor(AbstractCallSite.java:277)
	at io.restassured.internal.ResponseSpecificationImpl$HamcrestAssertionClosure.validate(ResponseSpecificationImpl.groovy:508)
	at io.restassured.internal.ResponseSpecificationImpl$HamcrestAssertionClosure$validate$1.call(Unknown Source)
	at io.restassured.internal.ResponseSpecificationImpl.validate(ResponseSpecificationImpl.groovy:97)
	at io.restassured.internal.ValidatableResponseOptionsImpl.spec(ValidatableResponseOptionsImpl.java:288)
	at stepDefinations.placeValidations.user_calls_something_with_post_http_request(placeValidations.java:53)
	at stepDefinations.Hooks.beforeScenario(Hooks.java:15)
</failure>
    <system-out>Given Praveen
</system-out>
  </testcase>
</testsuite>